[0508/193942.754:WARNING:resource_bundle.cc(426)] locale_file_path.empty() for locale 
[0508/193942.754:ERROR:main_delegate.cc(906)] Could not load locale pak for en-US
[0508/193942.774:WARNING:resource_bundle.cc(1059)] locale resources are not loaded
[0508/193942.775:WARNING:resource_bundle.cc(1059)] locale resources are not loaded
[0508/193942.775:WARNING:resource_bundle.cc(1059)] locale resources are not loaded
[0508/193942.775:WARNING:resource_bundle.cc(1059)] locale resources are not loaded
[0508/193942.775:WARNING:resource_bundle.cc(1059)] locale resources are not loaded
[0508/193942.775:WARNING:resource_bundle.cc(1059)] locale resources are not loaded
[0508/193942.775:WARNING:resource_bundle.cc(1059)] locale resources are not loaded
[0508/193942.784:WARNING:resource_bundle.cc(1059)] locale resources are not loaded
[0508/193942.784:WARNING:resource_bundle.cc(1059)] locale resources are not loaded
[0508/193942.784:WARNING:resource_bundle.cc(1059)] locale resources are not loaded
[0508/193942.784:WARNING:resource_bundle.cc(1059)] locale resources are not loaded
[0508/193942.784:WARNING:resource_bundle.cc(1059)] locale resources are not loaded
[0508/193942.784:WARNING:resource_bundle.cc(1059)] locale resources are not loaded
[0508/193942.784:WARNING:resource_bundle.cc(1059)] locale resources are not loaded
[0508/193942.784:WARNING:resource_bundle.cc(1059)] locale resources are not loaded
[0508/193942.784:WARNING:resource_bundle.cc(1059)] locale resources are not loaded
[0508/193942.784:WARNING:resource_bundle.cc(1059)] locale resources are not loaded
[0508/193942.784:WARNING:resource_bundle.cc(1059)] locale resources are not loaded
[0508/193942.784:WARNING:resource_bundle.cc(1059)] locale resources are not loaded
[0508/193942.784:WARNING:resource_bundle.cc(1059)] locale resources are not loaded
[0508/193942.784:WARNING:resource_bundle.cc(1059)] locale resources are not loaded
[0508/193942.784:WARNING:resource_bundle.cc(1059)] locale resources are not loaded
[0508/193942.784:WARNING:resource_bundle.cc(1059)] locale resources are not loaded
[0508/193942.784:WARNING:resource_bundle.cc(1059)] locale resources are not loaded
[0508/193942.784:WARNING:resource_bundle.cc(1059)] locale resources are not loaded
[0508/193942.784:WARNING:resource_bundle.cc(1059)] locale resources are not loaded
[0508/193942.784:WARNING:resource_bundle.cc(1059)] locale resources are not loaded
[0508/193942.784:WARNING:resource_bundle.cc(1059)] locale resources are not loaded
[0508/193942.784:WARNING:resource_bundle.cc(1059)] locale resources are not loaded
[0508/193942.784:WARNING:resource_bundle.cc(1059)] locale resources are not loaded
[0508/193942.784:WARNING:resource_bundle.cc(1059)] locale resources are not loaded
[0508/193942.784:WARNING:resource_bundle.cc(1059)] locale resources are not loaded
[0508/193942.784:WARNING:resource_bundle.cc(1059)] locale resources are not loaded
[0508/193942.784:WARNING:resource_bundle.cc(1059)] locale resources are not loaded
[0508/193942.784:WARNING:resource_bundle.cc(1059)] locale resources are not loaded
[0508/193942.784:WARNING:resource_bundle.cc(1059)] locale resources are not loaded
[0508/193942.784:WARNING:resource_bundle.cc(1059)] locale resources are not loaded
[0508/193942.784:WARNING:resource_bundle.cc(1059)] locale resources are not loaded
[0508/193942.784:WARNING:resource_bundle.cc(1059)] locale resources are not loaded
[0508/193942.784:WARNING:resource_bundle.cc(1059)] locale resources are not loaded
[0508/193942.784:WARNING:resource_bundle.cc(1059)] locale resources are not loaded
[0508/193942.785:WARNING:resource_bundle.cc(1059)] locale resources are not loaded
[0508/193942.785:WARNING:resource_bundle.cc(1059)] locale resources are not loaded
[0508/193942.821:WARNING:resource_bundle.cc(426)] locale_file_path.empty() for locale 
[0508/193942.821:ERROR:main_delegate.cc(906)] Could not load locale pak for en-US
[0508/193942.942:WARNING:resource_bundle.cc(426)] locale_file_path.empty() for locale 
[0508/193942.942:ERROR:main_delegate.cc(906)] Could not load locale pak for en-US
[0508/193943.992:WARNING:resource_bundle.cc(1059)] locale resources are not loaded
[0508/193943.992:WARNING:resource_bundle.cc(1059)] locale resources are not loaded
[0508/193944.041:WARNING:resource_bundle.cc(426)] locale_file_path.empty() for locale 
[0508/193944.042:ERROR:main_delegate.cc(906)] Could not load locale pak for en-US
[0508/194938.570:WARNING:resource_bundle.cc(426)] locale_file_path.empty() for locale 
[0508/194938.570:ERROR:main_delegate.cc(906)] Could not load locale pak for en-US
[0508/194938.590:WARNING:resource_bundle.cc(1059)] locale resources are not loaded
[0508/194938.590:WARNING:resource_bundle.cc(1059)] locale resources are not loaded
[0508/194938.590:WARNING:resource_bundle.cc(1059)] locale resources are not loaded
[0508/194938.590:WARNING:resource_bundle.cc(1059)] locale resources are not loaded
[0508/194938.590:WARNING:resource_bundle.cc(1059)] locale resources are not loaded
[0508/194938.590:WARNING:resource_bundle.cc(1059)] locale resources are not loaded
[0508/194938.590:WARNING:resource_bundle.cc(1059)] locale resources are not loaded
[0508/194938.590:WARNING:resource_bundle.cc(1059)] locale resources are not loaded
[0508/194938.590:WARNING:resource_bundle.cc(1059)] locale resources are not loaded
[0508/194938.590:WARNING:resource_bundle.cc(1059)] locale resources are not loaded
[0508/194938.590:WARNING:resource_bundle.cc(1059)] locale resources are not loaded
[0508/194938.590:WARNING:resource_bundle.cc(1059)] locale resources are not loaded
[0508/194938.590:WARNING:resource_bundle.cc(1059)] locale resources are not loaded
[0508/194938.590:WARNING:resource_bundle.cc(1059)] locale resources are not loaded
[0508/194938.590:WARNING:resource_bundle.cc(1059)] locale resources are not loaded
[0508/194938.590:WARNING:resource_bundle.cc(1059)] locale resources are not loaded
[0508/194938.590:WARNING:resource_bundle.cc(1059)] locale resources are not loaded
[0508/194938.590:WARNING:resource_bundle.cc(1059)] locale resources are not loaded
[0508/194938.590:WARNING:resource_bundle.cc(1059)] locale resources are not loaded
[0508/194938.590:WARNING:resource_bundle.cc(1059)] locale resources are not loaded
[0508/194938.590:WARNING:resource_bundle.cc(1059)] locale resources are not loaded
[0508/194938.590:WARNING:resource_bundle.cc(1059)] locale resources are not loaded
[0508/194938.590:WARNING:resource_bundle.cc(1059)] locale resources are not loaded
[0508/194938.590:WARNING:resource_bundle.cc(1059)] locale resources are not loaded
[0508/194938.590:WARNING:resource_bundle.cc(1059)] locale resources are not loaded
[0508/194938.590:WARNING:resource_bundle.cc(1059)] locale resources are not loaded
[0508/194938.590:WARNING:resource_bundle.cc(1059)] locale resources are not loaded
[0508/194938.590:WARNING:resource_bundle.cc(1059)] locale resources are not loaded
[0508/194938.590:WARNING:resource_bundle.cc(1059)] locale resources are not loaded
[0508/194938.590:WARNING:resource_bundle.cc(1059)] locale resources are not loaded
[0508/194938.590:WARNING:resource_bundle.cc(1059)] locale resources are not loaded
[0508/194938.590:WARNING:resource_bundle.cc(1059)] locale resources are not loaded
[0508/194938.591:WARNING:resource_bundle.cc(1059)] locale resources are not loaded
[0508/194938.591:WARNING:resource_bundle.cc(1059)] locale resources are not loaded
[0508/194938.591:WARNING:resource_bundle.cc(1059)] locale resources are not loaded
[0508/194938.591:WARNING:resource_bundle.cc(1059)] locale resources are not loaded
[0508/194938.591:WARNING:resource_bundle.cc(1059)] locale resources are not loaded
[0508/194938.591:WARNING:resource_bundle.cc(1059)] locale resources are not loaded
[0508/194938.591:WARNING:resource_bundle.cc(1059)] locale resources are not loaded
[0508/194938.591:WARNING:resource_bundle.cc(1059)] locale resources are not loaded
[0508/194938.591:WARNING:resource_bundle.cc(1059)] locale resources are not loaded
[0508/194938.591:WARNING:resource_bundle.cc(1059)] locale resources are not loaded
[0508/194938.591:WARNING:resource_bundle.cc(1059)] locale resources are not loaded
[0508/194938.640:WARNING:resource_bundle.cc(426)] locale_file_path.empty() for locale 
[0508/194938.640:ERROR:main_delegate.cc(906)] Could not load locale pak for en-US
[0508/194938.758:WARNING:resource_bundle.cc(426)] locale_file_path.empty() for locale 
[0508/194938.758:ERROR:main_delegate.cc(906)] Could not load locale pak for en-US
[0508/194939.811:WARNING:resource_bundle.cc(1059)] locale resources are not loaded
[0508/194939.811:WARNING:resource_bundle.cc(1059)] locale resources are not loaded
[0508/194939.861:WARNING:resource_bundle.cc(426)] locale_file_path.empty() for locale 
[0508/194939.861:ERROR:main_delegate.cc(906)] Could not load locale pak for en-US
[0508/194942.869:INFO:CONSOLE(2)] "JQMIGRATE: Migrate is installed, version 1.4.1", source: https://www.anno-union.com/wp-includes/js/jquery/jquery-migrate.min.js?ver=1.4.1 (2)
[0508/194944.753:INFO:CONSOLE(8)] "connectSDK DOMContentLoaded [object Event]", source: https://www.anno-union.com/wp-content/themes/emptyspace/js/uplayinit.js?ver=3.0.1.2 (8)
[0508/194944.795:INFO:CONSOLE(0)] "Mixed Content: The page at 'https://www.anno-union.com/en/' was loaded over HTTPS, but requested an insecure image 'http://support.ubi.com/'. This content should also be served over HTTPS.", source: https://www.anno-union.com/en/ (0)
[0508/194945.545:INFO:CONSOLE(0)] "A cookie associated with a cross-site resource at http://support.ubisoft.com/ was set without the `SameSite` attribute. A future release of Chrome will only deliver cookies with cross-site requests if they are set with `SameSite=None` and `Secure`. You can review cookies in developer tools under Application>Storage>Cookies and see more details at https://www.chromestatus.com/feature/5088147346030592 and https://www.chromestatus.com/feature/5633521622188032.", source: https://www.anno-union.com/en/ (0)
[0508/194945.701:INFO:CONSOLE(20)] "connectSDK sdk loaded", source: https://www.anno-union.com/wp-content/themes/emptyspace/js/uplayinit.js?ver=3.0.1.2 (20)
[0508/194945.702:INFO:CONSOLE(23)] "connectSDK subscribe [object Object]", source: https://www.anno-union.com/wp-content/themes/emptyspace/js/uplayinit.js?ver=3.0.1.2 (23)
[0508/195138.937:WARNING:resource_bundle.cc(426)] locale_file_path.empty() for locale 
[0508/195138.937:ERROR:main_delegate.cc(906)] Could not load locale pak for en-US
